Determining if the pthread_create exist failed with the following output:
Change Dir: /home/chukwuemeka/exam_prep/build/CMakeFiles/CMakeTmp

Run Build Command:"/usr/bin/make" "cmTC_27ad4/fast"
/usr/bin/make -f CMakeFiles/cmTC_27ad4.dir/build.make CMakeFiles/cmTC_27ad4.dir/build
make[1]: Entering directory '/home/chukwuemeka/exam_prep/build/CMakeFiles/CMakeTmp'
Building C object CMakeFiles/cmTC_27ad4.dir/CheckSymbolExists.c.o
/usr/bin/cc    -o CMakeFiles/cmTC_27ad4.dir/CheckSymbolExists.c.o   -c /home/chukwuemeka/exam_prep/build/CMakeFiles/CMakeTmp/CheckSymbolExists.c
Linking C executable cmTC_27ad4
/usr/bin/cmake -E cmake_link_script CMakeFiles/cmTC_27ad4.dir/link.txt --verbose=1
/usr/bin/cc      -rdynamic CMakeFiles/cmTC_27ad4.dir/CheckSymbolExists.c.o  -o cmTC_27ad4 
CMakeFiles/cmTC_27ad4.dir/CheckSymbolExists.c.o: In function `main':
CheckSymbolExists.c:(.text+0x1b): undefined reference to `pthread_create'
collect2: error: ld returned 1 exit status
CMakeFiles/cmTC_27ad4.dir/build.make:97: recipe for target 'cmTC_27ad4' failed
make[1]: *** [cmTC_27ad4] Error 1
make[1]: Leaving directory '/home/chukwuemeka/exam_prep/build/CMakeFiles/CMakeTmp'
Makefile:126: recipe for target 'cmTC_27ad4/fast' failed
make: *** [cmTC_27ad4/fast] Error 2

File /home/chukwuemeka/exam_prep/build/CMakeFiles/CMakeTmp/CheckSymbolExists.c:
/* */
#include <pthread.h>

int main(int argc, char** argv)
{
  (void)argv;
#ifndef pthread_create
  return ((int*)(&pthread_create))[argc];
#else
  (void)argc;
  return 0;
#endif
}

Determining if the function pthread_create exists in the pthreads failed with the following output:
Change Dir: /home/chukwuemeka/exam_prep/build/CMakeFiles/CMakeTmp

Run Build Command:"/usr/bin/make" "cmTC_72678/fast"
/usr/bin/make -f CMakeFiles/cmTC_72678.dir/build.make CMakeFiles/cmTC_72678.dir/build
make[1]: Entering directory '/home/chukwuemeka/exam_prep/build/CMakeFiles/CMakeTmp'
Building C object CMakeFiles/cmTC_72678.dir/CheckFunctionExists.c.o
/usr/bin/cc   -DCHECK_FUNCTION_EXISTS=pthread_create   -o CMakeFiles/cmTC_72678.dir/CheckFunctionExists.c.o   -c /usr/share/cmake-3.10/Modules/CheckFunctionExists.c
Linking C executable cmTC_72678
/usr/bin/cmake -E cmake_link_script CMakeFiles/cmTC_72678.dir/link.txt --verbose=1
/usr/bin/cc  -DCHECK_FUNCTION_EXISTS=pthread_create    -rdynamic CMakeFiles/cmTC_72678.dir/CheckFunctionExists.c.o  -o cmTC_72678 -lpthreads 
/usr/bin/ld: cannot find -lpthreads
collect2: error: ld returned 1 exit status
CMakeFiles/cmTC_72678.dir/build.make:97: recipe for target 'cmTC_72678' failed
make[1]: *** [cmTC_72678] Error 1
make[1]: Leaving directory '/home/chukwuemeka/exam_prep/build/CMakeFiles/CMakeTmp'
Makefile:126: recipe for target 'cmTC_72678/fast' failed
make: *** [cmTC_72678/fast] Error 2


