Determining if the pthread_create exist failed with the following output:
Change Dir: /home/chukwuemeka/exp_rob_final_ws/build/CMakeFiles/CMakeTmp

Run Build Command:"/usr/bin/make" "cmTC_12982/fast"
/usr/bin/make -f CMakeFiles/cmTC_12982.dir/build.make CMakeFiles/cmTC_12982.dir/build
make[1]: Entering directory '/home/chukwuemeka/exp_rob_final_ws/build/CMakeFiles/CMakeTmp'
Building C object CMakeFiles/cmTC_12982.dir/CheckSymbolExists.c.o
/usr/bin/cc    -o CMakeFiles/cmTC_12982.dir/CheckSymbolExists.c.o   -c /home/chukwuemeka/exp_rob_final_ws/build/CMakeFiles/CMakeTmp/CheckSymbolExists.c
Linking C executable cmTC_12982
/usr/bin/cmake -E cmake_link_script CMakeFiles/cmTC_12982.dir/link.txt --verbose=1
/usr/bin/cc      -rdynamic CMakeFiles/cmTC_12982.dir/CheckSymbolExists.c.o  -o cmTC_12982 
CMakeFiles/cmTC_12982.dir/CheckSymbolExists.c.o: In function `main':
CheckSymbolExists.c:(.text+0x1b): undefined reference to `pthread_create'
collect2: error: ld returned 1 exit status
CMakeFiles/cmTC_12982.dir/build.make:97: recipe for target 'cmTC_12982' failed
make[1]: *** [cmTC_12982] Error 1
make[1]: Leaving directory '/home/chukwuemeka/exp_rob_final_ws/build/CMakeFiles/CMakeTmp'
Makefile:126: recipe for target 'cmTC_12982/fast' failed
make: *** [cmTC_12982/fast] Error 2

File /home/chukwuemeka/exp_rob_final_ws/build/CMakeFiles/CMakeTmp/CheckSymbolExists.c:
/* */
#include <pthread.h>

int main(int argc, char** argv)
{
  (void)argv;
#ifndef pthread_create
  return ((int*)(&pthread_create))[argc];
#else
  (void)argc;
  return 0;
#endif
}

Determining if the function pthread_create exists in the pthreads failed with the following output:
Change Dir: /home/chukwuemeka/exp_rob_final_ws/build/CMakeFiles/CMakeTmp

Run Build Command:"/usr/bin/make" "cmTC_b069c/fast"
/usr/bin/make -f CMakeFiles/cmTC_b069c.dir/build.make CMakeFiles/cmTC_b069c.dir/build
make[1]: Entering directory '/home/chukwuemeka/exp_rob_final_ws/build/CMakeFiles/CMakeTmp'
Building C object CMakeFiles/cmTC_b069c.dir/CheckFunctionExists.c.o
/usr/bin/cc   -DCHECK_FUNCTION_EXISTS=pthread_create   -o CMakeFiles/cmTC_b069c.dir/CheckFunctionExists.c.o   -c /usr/share/cmake-3.10/Modules/CheckFunctionExists.c
Linking C executable cmTC_b069c
/usr/bin/cmake -E cmake_link_script CMakeFiles/cmTC_b069c.dir/link.txt --verbose=1
/usr/bin/cc  -DCHECK_FUNCTION_EXISTS=pthread_create    -rdynamic CMakeFiles/cmTC_b069c.dir/CheckFunctionExists.c.o  -o cmTC_b069c -lpthreads 
/usr/bin/ld: cannot find -lpthreads
collect2: error: ld returned 1 exit status
CMakeFiles/cmTC_b069c.dir/build.make:97: recipe for target 'cmTC_b069c' failed
make[1]: *** [cmTC_b069c] Error 1
make[1]: Leaving directory '/home/chukwuemeka/exp_rob_final_ws/build/CMakeFiles/CMakeTmp'
Makefile:126: recipe for target 'cmTC_b069c/fast' failed
make: *** [cmTC_b069c/fast] Error 2


