Determining if the pthread_create exist failed with the following output:
Change Dir: /home/chukwuemeka/pointcloud/build/CMakeFiles/CMakeTmp

Run Build Command:"/usr/bin/make" "cmTC_fb7ee/fast"
/usr/bin/make -f CMakeFiles/cmTC_fb7ee.dir/build.make CMakeFiles/cmTC_fb7ee.dir/build
make[1]: Entering directory '/home/chukwuemeka/pointcloud/build/CMakeFiles/CMakeTmp'
Building C object CMakeFiles/cmTC_fb7ee.dir/CheckSymbolExists.c.o
/usr/bin/cc    -o CMakeFiles/cmTC_fb7ee.dir/CheckSymbolExists.c.o   -c /home/chukwuemeka/pointcloud/build/CMakeFiles/CMakeTmp/CheckSymbolExists.c
Linking C executable cmTC_fb7ee
/usr/bin/cmake -E cmake_link_script CMakeFiles/cmTC_fb7ee.dir/link.txt --verbose=1
/usr/bin/cc      -rdynamic CMakeFiles/cmTC_fb7ee.dir/CheckSymbolExists.c.o  -o cmTC_fb7ee 
CMakeFiles/cmTC_fb7ee.dir/CheckSymbolExists.c.o: In function `main':
CheckSymbolExists.c:(.text+0x1b): undefined reference to `pthread_create'
collect2: error: ld returned 1 exit status
CMakeFiles/cmTC_fb7ee.dir/build.make:97: recipe for target 'cmTC_fb7ee' failed
make[1]: *** [cmTC_fb7ee] Error 1
make[1]: Leaving directory '/home/chukwuemeka/pointcloud/build/CMakeFiles/CMakeTmp'
Makefile:126: recipe for target 'cmTC_fb7ee/fast' failed
make: *** [cmTC_fb7ee/fast] Error 2

File /home/chukwuemeka/pointcloud/build/CMakeFiles/CMakeTmp/CheckSymbolExists.c:
/* */
#include <pthread.h>

int main(int argc, char** argv)
{
  (void)argv;
#ifndef pthread_create
  return ((int*)(&pthread_create))[argc];
#else
  (void)argc;
  return 0;
#endif
}

Determining if the function pthread_create exists in the pthreads failed with the following output:
Change Dir: /home/chukwuemeka/pointcloud/build/CMakeFiles/CMakeTmp

Run Build Command:"/usr/bin/make" "cmTC_5f0df/fast"
/usr/bin/make -f CMakeFiles/cmTC_5f0df.dir/build.make CMakeFiles/cmTC_5f0df.dir/build
make[1]: Entering directory '/home/chukwuemeka/pointcloud/build/CMakeFiles/CMakeTmp'
Building C object CMakeFiles/cmTC_5f0df.dir/CheckFunctionExists.c.o
/usr/bin/cc   -DCHECK_FUNCTION_EXISTS=pthread_create   -o CMakeFiles/cmTC_5f0df.dir/CheckFunctionExists.c.o   -c /usr/share/cmake-3.10/Modules/CheckFunctionExists.c
Linking C executable cmTC_5f0df
/usr/bin/cmake -E cmake_link_script CMakeFiles/cmTC_5f0df.dir/link.txt --verbose=1
/usr/bin/cc  -DCHECK_FUNCTION_EXISTS=pthread_create    -rdynamic CMakeFiles/cmTC_5f0df.dir/CheckFunctionExists.c.o  -o cmTC_5f0df -lpthreads 
/usr/bin/ld: cannot find -lpthreads
collect2: error: ld returned 1 exit status
CMakeFiles/cmTC_5f0df.dir/build.make:97: recipe for target 'cmTC_5f0df' failed
make[1]: *** [cmTC_5f0df] Error 1
make[1]: Leaving directory '/home/chukwuemeka/pointcloud/build/CMakeFiles/CMakeTmp'
Makefile:126: recipe for target 'cmTC_5f0df/fast' failed
make: *** [cmTC_5f0df/fast] Error 2


